2024-01-13 19:56:13,062 - scraper - INFO - All entries have been successfully deleted.
2024-01-13 19:56:18,699 - scraper - INFO - Starting Asda scraping process
2024-01-13 19:56:18,699 - scraper - INFO - Starting Tesco scraping process
2024-01-13 19:56:18,699 - scraper - INFO - Starting Sainsburys scraping process
2024-01-13 19:56:37,097 - scraper - INFO - Created new product: Kenco Gold Indulgence Instant Coffee 195g
2024-01-13 19:56:37,099 - scraper - INFO - Created new product: Kenco Millicano Americano Instant Coffee 170g
2024-01-13 19:56:37,101 - scraper - INFO - Created new product: L'OR Artiste Vigoroso Intensity 8 Instant Coffee 95g
2024-01-13 19:56:37,103 - scraper - INFO - Created new product: Nescafé Gold Blend Instant Coffee 200g
2024-01-13 19:56:37,105 - scraper - INFO - Created new product: Sainsbury's Gold Roast Instant Coffee 200g
2024-01-13 19:56:37,107 - scraper - INFO - Created new product: Nescafe Azera Americano Instant Coffee 140g
2024-01-13 19:56:37,109 - scraper - INFO - Created new product: Sainsbury's Fairtrade Italian Style Coffee, Strength 4 227g
2024-01-13 19:56:37,112 - scraper - INFO - Created new product: Coffee Mate Original Coffee Whitener 325g
2024-01-13 19:56:37,114 - scraper - INFO - Created new product: Nescafé Original Instant Coffee 300g
2024-01-13 19:56:37,116 - scraper - INFO - Created new product: Kenco Latte Instant Coffee Sachets 130.4g
2024-01-13 19:56:37,117 - scraper - INFO - Created new product: Nescafe Gold Cappuccino Decaf Unsweetened Instant Coffee Sac...
2024-01-13 19:56:37,119 - scraper - INFO - Created new product: Sainsbury's Fairtrade Colombian Coffee, Taste the Difference...
2024-01-13 19:56:37,121 - scraper - INFO - Created new product: Lavazza Qualita Rossa Ground Coffee 2x250g
2024-01-13 19:56:37,123 - scraper - INFO - Created new product: Douwe Egberts Pure Gold Instant Coffee 190g
2024-01-13 19:56:37,125 - scraper - INFO - Created new product: Taylors of Harrogate Rich Italian Coffee Bags x10
2024-01-13 19:56:37,128 - scraper - INFO - Created new product: Sainsbury's Fairtrade House Blend Original Coffee, Strength ...
2024-01-13 19:56:37,129 - scraper - INFO - Created new product: Nescafé Gold Blend Decaff Instant Coffee 200g
2024-01-13 19:56:37,132 - scraper - INFO - Created new product: Nescafé Gold Origins Alta Rica Instant Coffee 95g
2024-01-13 19:56:37,134 - scraper - INFO - Created new product: Nescafe Gold Cappuccino Instant Coffee x8 15.5g Sachets
2024-01-13 19:56:37,135 - scraper - INFO - Created new product: Taylors of Harrogate Lazy Sunday Ground Roast Coffee 200g
2024-01-13 19:56:37,137 - scraper - INFO - Created new product: Nescafe Gold Cappuccino Instant Coffee Sachets x12 15.5g
2024-01-13 19:56:37,139 - scraper - INFO - Created new product: Nescafé Gold Cappuccino Unsweetened Instant Coffee Sachets x...
2024-01-13 19:56:37,140 - scraper - INFO - Created new product: Taylors of Harrogate Rich Italian Ground Roast Coffee 200g
2024-01-13 19:56:37,143 - scraper - INFO - Created new product: Nescafé Azera Americano Instant Coffee 90g
2024-01-13 19:56:37,145 - scraper - INFO - Created new product: Nescafe Gold Caramel Latte Instant Coffee Sachets x8
2024-01-13 19:56:37,148 - scraper - INFO - Created new product: Sainsbury's Italian Style Coffee, Strength 4 454g
2024-01-13 19:56:37,150 - scraper - INFO - Created new product: Sainsbury's Fairtrade Decaff House Blend Coffee, Strength 3 ...
2024-01-13 19:56:37,152 - scraper - INFO - Created new product: Nescafe Gold Vanilla Latte Instant Coffee Sachets x8
2024-01-13 19:56:37,153 - scraper - INFO - Created new product: Kenco Decaff Instant Coffee Refill 150g
2024-01-13 19:56:37,155 - scraper - INFO - Created new product: Sainsbury's Gold Roast Instant Coffee 500g
2024-01-13 19:56:37,157 - scraper - INFO - Created new product: Nescafé Gold Blend Espresso Instant Coffee 95g
2024-01-13 19:56:37,160 - scraper - INFO - Created new product: Kenco Rich Instant Coffee Refill 150g
2024-01-13 19:56:37,161 - scraper - INFO - Created new product: Kenco Cappuccino Instant Coffee x8 Sachets
2024-01-13 19:56:37,164 - scraper - INFO - Created new product: Kenco Smooth Instant Coffee Refill 150g
2024-01-13 19:56:37,166 - scraper - INFO - Created new product: Tassimo Kenco Americano Smooth Coffee Pods x16
2024-01-13 19:56:37,167 - scraper - INFO - Created new product: Nescafe Gold Double Choc Mocha Instant Coffee Sachets x8
2024-01-13 19:56:37,169 - scraper - INFO - Created new product: Douwe Egberts Pure Indulgence Instant Coffee 190g
2024-01-13 19:56:37,172 - scraper - INFO - Created new product: Sainsbury's Rich Roast Instant Coffee 200g
2024-01-13 19:56:37,174 - scraper - INFO - Created new product: Sainsbury's Fairtrade Colombian Decaff Coffee, Taste the Dif...
2024-01-13 19:56:37,177 - scraper - INFO - Created new product: Sainsbury's Fairtrade House Blend Original Coffee Beans, Str...
2024-01-13 19:56:37,179 - scraper - INFO - Created new product: Sainsbury's Fairtrade Intense Roast Coffee 227g
2024-01-13 19:56:37,181 - scraper - INFO - Created new product: Nescafé Dolce Gusto Flat White Coffee x16 Pods, 16 Drinks
2024-01-13 19:56:37,183 - scraper - INFO - Created new product: L'OR Decaffeinated Instant Coffee 100g
2024-01-13 19:56:37,185 - scraper - INFO - Created new product: Nescafe Dolce Gusto Americano Coffee Pods x16
2024-01-13 19:56:37,187 - scraper - INFO - Created new product: Sainsbury's Rich Roast Instant Coffee Granules, Decaffeinate...
2024-01-13 19:56:37,188 - scraper - INFO - Created new product: Nescafé Azera Americano Decaff Instant Coffee 90g
2024-01-13 19:56:37,190 - scraper - INFO - Created new product: Nescafe Gold Toffee Nut Latte Coffee, x8 19.5g
2024-01-13 19:56:37,193 - scraper - INFO - Created new product: Taylors of Harrogate Decaffe Coffee Bags x10
2024-01-13 19:56:37,195 - scraper - INFO - Created new product: L'OR Intense Instant Coffee 150g
2024-01-13 19:56:37,197 - scraper - INFO - Created new product: Taylors of Harrogate Hot Lava Java Ground Roast Coffee 200g
2024-01-13 19:56:37,199 - scraper - INFO - Created new product: Lavazza Qualita Rossa Ground Coffee 250g
2024-01-13 19:56:37,202 - scraper - INFO - Created new product: Nescafe Gold Latte Instant Coffee Sachets x8 124g
2024-01-13 19:56:37,204 - scraper - INFO - Created new product: Kenco Cappuccino Unsweetened Instant Coffee 8 Sachets
2024-01-13 19:56:37,206 - scraper - INFO - Created new product: Nescafe Dolce Gusto Cafe Au Lait Coffee x16 Pods, 16 Drinks
2024-01-13 19:56:37,208 - scraper - INFO - Created new product: Starbucks by Nespresso House Blend Coffee x10 Pods, 10 Drink...
2024-01-13 19:56:37,211 - scraper - INFO - Created new product: Starbucks Chocolate Mocha Frappuccino Flavoured Milk Iced Co...
2024-01-13 19:56:37,212 - scraper - INFO - Created new product: Taylors of Harrogate Rich Italian Beans Roast Coffee 200g
2024-01-13 19:56:37,215 - scraper - INFO - Created new product: Sainsbury's Fairtrade Italian Espresso Coffee, Strength 5 22...
2024-01-13 19:56:37,217 - scraper - INFO - Created new product: Nescafe Gold Blend Roastery Collection Dark Roast Instant Co...
2024-01-13 19:56:37,218 - scraper - INFO - Created new product: Nescafé Dolce Gusto Latte Macchiato Coffee x16 Pods, 8 Drink...
2024-01-13 19:56:37,220 - scraper - INFO - Created new product: CeraVe Hydrating Foaming Oil Cleanser 236ml
2024-01-13 19:56:37,221 - scraper - INFO - Created new product: Rubicon Sparkling Mango Juice Soft Drink 6x330ml
2024-01-13 19:56:37,223 - scraper - INFO - Created new product: Brew Tea Co English Breakfast Tea Bags x15 56g
2024-01-13 19:56:37,225 - scraper - INFO - Created new product: Hip Pop Apple & Elderflower Kombucha 4x330ml
2024-01-13 19:56:37,225 - scraper - INFO - Finished Sainsburys scraping process
2024-01-13 19:56:37,941 - scraper - INFO - Created new product: Nescafe Gold Blend Smooth Instant Coffee
2024-01-13 19:56:37,943 - scraper - INFO - Created new product: Nescafe Gold Blend Instant Coffee
2024-01-13 19:56:37,945 - scraper - INFO - Created new product: Nescafe Original Instant Coffee
2024-01-13 19:56:37,947 - scraper - INFO - Created new product: Nescafe Gold Blend Intense Instant Coffee
2024-01-13 19:56:37,948 - scraper - INFO - Updated existing product: Nescafe Gold Blend Instant Coffee
2024-01-13 19:56:37,950 - scraper - INFO - Created new product: Kenco Smooth Instant Coffee
2024-01-13 19:56:37,953 - scraper - INFO - Created new product: Douwe Egberts Pure Gold Medium Roast Instant Coffee
2024-01-13 19:56:37,955 - scraper - INFO - Created new product: Nescafé Azera Americano Instant Coffee
2024-01-13 19:56:37,956 - scraper - INFO - Created new product: Kenco Smooth Instant Coffee Refill
2024-01-13 19:56:37,958 - scraper - INFO - Created new product: Nescafe Gold Blend Alta Rica Instant Coffee
2024-01-13 19:56:37,960 - scraper - INFO - Created new product: Douwe Egberts Pure Indulgence Dark Roast Instant Coffee
2024-01-13 19:56:37,963 - scraper - INFO - Created new product: Kenco Rich Instant Coffee
2024-01-13 19:56:37,964 - scraper - INFO - Created new product: Kenco Decaff Instant Coffee
2024-01-13 19:56:37,966 - scraper - INFO - Created new product: Nescafe Gold Blend Decaff Instant Coffee
2024-01-13 19:56:37,968 - scraper - INFO - Created new product: Lavazza Qualità Rossa Ground Coffee
2024-01-13 19:56:37,969 - scraper - INFO - Created new product: Nescafe Original Decaff Instant Coffee
2024-01-13 19:56:37,971 - scraper - INFO - Created new product: Nescafe Gold Caramel Latte Coffee Sachets
2024-01-13 19:56:37,972 - scraper - INFO - Created new product: Nescafe Gold Cappuccino Instant Coffee 8 Sachets
2024-01-13 19:56:37,975 - scraper - INFO - Created new product: Nescafe Dolce Gusto Cappuccino Coffee Pods
2024-01-13 19:56:37,978 - scraper - INFO - Created new product: NESCAFE Dolce Gusto Flat White Coffee Pods 16 Capsules
2024-01-13 19:56:37,980 - scraper - INFO - Created new product: Nescafe Dolce Gusto Latte Macchiato Coffee Pods
2024-01-13 19:56:37,982 - scraper - INFO - Created new product: Nescafe Gold Cappuccino Unsweetened Taste Coffee Sachets
2024-01-13 19:56:37,985 - scraper - INFO - Created new product: Nescafe Gold Cappuccino Decaf Unsweetened Taste Coffee Sachets
2024-01-13 19:56:37,987 - scraper - INFO - Created new product: Kenco Latte Instant Coffee Sachets
2024-01-13 19:56:37,988 - scraper - INFO - Created new product: Tassimo Kenco Americano Grande Coffee Pods x 16
2024-01-13 19:56:37,990 - scraper - INFO - Created new product: Nescafe Gold Blend Espresso Instant Coffee
2024-01-13 19:56:37,993 - scraper - INFO - Created new product: Tassimo Espresso Delizioso Coffee Pods x 14
2024-01-13 19:56:37,995 - scraper - INFO - Created new product: Coffee Mate The Original
2024-01-13 19:56:37,997 - scraper - INFO - Created new product: Nescafe Gold Double Choc Mocha x8
2024-01-13 19:56:37,999 - scraper - INFO - Created new product: Tassimo Kenco Cappuccino Coffee Pods x 8
2024-01-13 19:56:38,001 - scraper - INFO - Created new product: Tassimo L'OR Americano Classique Coffee Pods x 14
2024-01-13 19:56:38,003 - scraper - INFO - Created new product: Tassimo Kenco Americano Smooth Coffee Pods x 16
2024-01-13 19:56:38,005 - scraper - INFO - Created new product: Tassimo Kenco 100% Colombian Coffee Pods x 16
2024-01-13 19:56:38,007 - scraper - INFO - Created new product: Kenco Cappuccino Instant Coffee Sachets
2024-01-13 19:56:38,009 - scraper - INFO - Created new product: ASDA Cafe Instant Latte Sachets
2024-01-13 19:56:38,011 - scraper - INFO - Created new product: Tassimo L'OR Skinny Latte Macchiato Coffee Pods x 7
2024-01-13 19:56:38,015 - scraper - INFO - Created new product: Tassimo L'OR Caramel Latte Macchiato Coffee Pods x 7
2024-01-13 19:56:38,017 - scraper - INFO - Created new product: Tassimo Cadbury Hot Chocolate Pods x 8
2024-01-13 19:56:38,019 - scraper - INFO - Created new product: Tassimo Creamer from Milk Pods x 16
2024-01-13 19:56:38,021 - scraper - INFO - Created new product: ASDA Italian Style Roast & Ground Coffee
2024-01-13 19:56:38,023 - scraper - INFO - Created new product: ASDA Rich Roast Instant Coffee
2024-01-13 19:56:38,024 - scraper - INFO - Updated existing product: ASDA Rich Roast Instant Coffee
2024-01-13 19:56:38,027 - scraper - INFO - Created new product: ASDA Extra Special Colombian Instant Coffee
2024-01-13 19:56:38,029 - scraper - INFO - Created new product: Tassimo L'or Latte Macchiato Coffee Pods x7
2024-01-13 19:56:38,031 - scraper - INFO - Created new product: Kenco Millicano Americano Original Instant Coffee
2024-01-13 19:56:38,033 - scraper - INFO - Created new product: Tassimo Kenco Flat White Coffee Pods x8
2024-01-13 19:56:38,034 - scraper - INFO - Created new product: JUST ESSENTIALS by ASDA Medium Roast Instant Coffee
2024-01-13 19:56:38,036 - scraper - INFO - Created new product: ASDA Gold Roast Decaf Instant Freeze Dried Coffee
2024-01-13 19:56:38,037 - scraper - INFO - Finished Asda scraping process
2024-01-13 19:56:38,629 - scraper - INFO - Created new product: L'or. Classique Instant Coffee 150G
2024-01-13 19:56:38,631 - scraper - INFO - Created new product: Kenco Smooth Instant Coffee 200G
2024-01-13 19:56:38,633 - scraper - INFO - Created new product: Cafe Direct Organic Machu Picchu Coffee Bean 750G
2024-01-13 19:56:38,636 - scraper - INFO - Created new product: Tesco Gold Instant Coffee 200G
2024-01-13 19:56:38,638 - scraper - INFO - Created new product: Nescafe Azera Americano Instant Coffee 90g
2024-01-13 19:56:38,640 - scraper - INFO - Created new product: Nescafe Gold Blend Instant Coffee 200g
2024-01-13 19:56:38,642 - scraper - INFO - Created new product: Nescafe Azera Americano Intense Instant Coffee 90g
2024-01-13 19:56:38,645 - scraper - INFO - Created new product: Nescafe Original Instant Coffee 300g
2024-01-13 19:56:38,647 - scraper - INFO - Created new product: Tesco Classic Instant Coffee 200G
2024-01-13 19:56:38,649 - scraper - INFO - Created new product: Nescafe Gold Blend Coffee Refill 150g
2024-01-13 19:56:38,651 - scraper - INFO - Created new product: Douwe Egberts Pure Gold Instant Coffee 190G
2024-01-13 19:56:38,653 - scraper - INFO - Created new product: Stockwell & Co Instant Coffee 100G
2024-01-13 19:56:38,655 - scraper - INFO - Created new product: Kenco Rich Instant Coffee 200G
2024-01-13 19:56:38,657 - scraper - INFO - Created new product: Tesco Italian Inspired Blend Ground Coffee 454G
2024-01-13 19:56:38,659 - scraper - INFO - Created new product: Tesco Gold Instant Coffee 500G
2024-01-13 19:56:38,662 - scraper - INFO - Created new product: Nescafe Gold Blend Espresso Instant Coffee 95g
2024-01-13 19:56:38,664 - scraper - INFO - Created new product: Nescafe Azera Americano Instant Coffee 140g
2024-01-13 19:56:38,667 - scraper - INFO - Created new product: Nescafe Original Instant Coffee 100g
2024-01-13 19:56:38,669 - scraper - INFO - Created new product: Tesco Italian Inspired Blend Ground Coffee 227G
2024-01-13 19:56:38,671 - scraper - INFO - Created new product: Nescafe Gold Blend Instant Coffee 100g
2024-01-13 19:56:38,673 - scraper - INFO - Created new product: Kenco Smooth Instant Coffee Refill 150G
2024-01-13 19:56:38,676 - scraper - INFO - Created new product: Lavazza Qualita Rossa Ground Coffee 2 X 250G
2024-01-13 19:56:38,678 - scraper - INFO - Created new product: Kenco Gold Indulgence Instant Coffee 195G
2024-01-13 19:56:38,680 - scraper - INFO - Created new product: Douwe Egberts Pure Indulgence Instant Coffee 190G
2024-01-13 19:56:38,683 - scraper - INFO - Created new product: Kenco Rich Instant Coffee Refill 150G
2024-01-13 19:56:38,683 - scraper - INFO - Finished Tesco scraping process
2024-01-13 19:57:45,637 - scraper - INFO - All entries have been successfully deleted.
2024-01-13 19:57:50,549 - scraper - INFO - All entries have been successfully deleted.
2024-01-21 10:05:23,311 - scraper - INFO - Starting Asda scraping process
2024-01-21 10:05:23,311 - scraper - INFO - Starting Tesco scraping process
2024-01-21 10:05:23,312 - scraper - INFO - Starting Sainsburys scraping process
2024-01-21 10:05:42,646 - scraper - INFO - Created new product: Pukka Organic Three Mint Tea Bags x 20
2024-01-21 10:05:42,652 - scraper - INFO - Created new product: Pukka Organic Lemongrass & Ginger Herbal Tea Sachets x20 36g
2024-01-21 10:05:42,657 - scraper - INFO - Created new product: Pukka Organic Lemon, Ginger & Manuka Honey Tea Bags x 20
2024-01-21 10:05:42,662 - scraper - INFO - Created new product: Yorkshire Tea Tea Bags x80
2024-01-21 10:05:42,667 - scraper - INFO - Created new product: PG tips Original Biodegradable Black Tea Bags x160
2024-01-21 10:05:42,672 - scraper - INFO - Created new product: Sainsbury's Red Label Tea Bags x240 750g
2024-01-21 10:05:42,675 - scraper - INFO - Created new product: Yorkshire Tea Tea Bags x160
2024-01-21 10:05:42,677 - scraper - INFO - Created new product: Sainsbury's Red Label Tea Bags x80 250g
2024-01-21 10:05:42,680 - scraper - INFO - Created new product: Tetley Everyday Tea Bags Decaffeinated x80 250g
2024-01-21 10:05:42,683 - scraper - INFO - Created new product: PG tips Original Biodegradable Black Tea Bags x80
2024-01-21 10:05:42,686 - scraper - INFO - Created new product: Sainsbury's Infusions Peppermint Tea Bags x20
2024-01-21 10:05:42,688 - scraper - INFO - Created new product: Clipper Organic Everyday Tea Bags x80
2024-01-21 10:05:42,690 - scraper - INFO - Created new product: Yorkshire Tea Decaf Tea Bags x80
2024-01-21 10:05:42,691 - scraper - INFO - Created new product: Sainsbury's Red Label Tea Bags x160 500g
2024-01-21 10:05:42,693 - scraper - INFO - Created new product: Yorkshire Tea Bags x240
2024-01-21 10:05:42,695 - scraper - INFO - Created new product: Tetley Everyday Tea Bags, Softpack x240
2024-01-21 10:05:42,697 - scraper - INFO - Created new product: Sainsbury's Infusions Peppermint Tea Bags x80
2024-01-21 10:05:42,699 - scraper - INFO - Created new product: Sainsbury's English Breakfast Tea Bags Taste the Difference ...
2024-01-21 10:05:42,701 - scraper - INFO - Created new product: Twinings Superblends Sleep with Spiced Apple & Camomile, 20 ...
2024-01-21 10:05:42,703 - scraper - INFO - Created new product: Sainsbury's Earl Grey Tea Bags, Taste the Difference x100
2024-01-21 10:05:42,705 - scraper - INFO - Created new product: Yorkshire Gold Tea Bags x160
2024-01-21 10:05:42,707 - scraper - INFO - Created new product: Yorkshire Tea Hard Water Tea Bags x80
2024-01-21 10:05:42,710 - scraper - INFO - Created new product: Sainsbury's Strawberry, Raspberry & Cranberry Tea Bags x20
2024-01-21 10:05:42,712 - scraper - INFO - Created new product: Sainsbury's Earl Grey Decaff Tea Bags, Taste the Difference ...
2024-01-21 10:05:42,714 - scraper - INFO - Created new product: Tetley Everyday Tea Bags, Softpack x80
2024-01-21 10:05:42,717 - scraper - INFO - Created new product: Sainsbury's Infusions Camomile Tea Bags x20
2024-01-21 10:05:42,719 - scraper - INFO - Created new product: Clipper Fairtrade Everyday Tea Bags x80 23g
2024-01-21 10:05:42,722 - scraper - INFO - Created new product: Tetley Everyday Tea Bags Decaffeinated x160
2024-01-21 10:05:42,724 - scraper - INFO - Created new product: Sainsbury's Assam Tea Bags Taste the Difference x80
2024-01-21 10:05:42,726 - scraper - INFO - Created new product: Tick Tock Rooibos Tea Bags x80
2024-01-21 10:05:42,728 - scraper - INFO - Created new product: Twinings Peppermint Tea, 20 Tea Bags
2024-01-21 10:05:42,730 - scraper - INFO - Created new product: Pukka Night Time Tea Bags x20
2024-01-21 10:05:42,733 - scraper - INFO - Created new product: Twinings English Breakfast Plant Based Tea Bags x80 200g
2024-01-21 10:05:42,735 - scraper - INFO - Created new product: Yorkshire Gold Tea Bags x80
2024-01-21 10:05:42,738 - scraper - INFO - Created new product: Yorkshire Tea Biscuit Brew x40 Tea Bags 112g
2024-01-21 10:05:42,740 - scraper - INFO - Created new product: Twinings Peppermint Tea, 80 Tea Bags
2024-01-21 10:05:42,742 - scraper - INFO - Created new product: Taylors of Harrogate Yorkshire Tea Bags x40 125g
2024-01-21 10:05:42,744 - scraper - INFO - Created new product: Yorkshire Tea Loose Leaf Tea 250g
2024-01-21 10:05:42,746 - scraper - INFO - Created new product: Tetley Everyday Tea Bags, Softpack x160
2024-01-21 10:05:42,749 - scraper - INFO - Created new product: Clipper Organic Decaf Everyday Tea x80 Tea Bags 250g
2024-01-21 10:05:42,751 - scraper - INFO - Created new product: Twinings Camomile & Honey Tea, 20 Tea Bags
2024-01-21 10:05:42,753 - scraper - INFO - Created new product: Twinings Lemon & Ginger Tea, 20 Tea Bags
2024-01-21 10:05:42,756 - scraper - INFO - Created new product: Clipper Organic Sleep Easy 20 Tea Bags 40g
2024-01-21 10:05:42,759 - scraper - INFO - Created new product: Pukka Peppermint & Licorice Tea Bags x20
2024-01-21 10:05:42,760 - scraper - INFO - Created new product: Twinings Lemon & Ginger Tea, 80 Tea Bags
2024-01-21 10:05:42,762 - scraper - INFO - Created new product: Twinings the Earl Grey Plant Based Tea Bags x80 200g
2024-01-21 10:05:42,765 - scraper - INFO - Created new product: Pukka Organic Ginger, Galangal & Golden Turmeric Tea Bags x2...
2024-01-21 10:05:42,767 - scraper - INFO - Created new product: Twinings Superblends Detox with Lemon, Ginger & Fennel, 20 T...
2024-01-21 10:05:42,769 - scraper - INFO - Created new product: Twinings Superblends Calm with Spiced Camomile & Vanilla, 20...
2024-01-21 10:05:42,771 - scraper - INFO - Created new product: Twinings the Earl Grey Decaffeinated Plant Based Tea Bags x4...
2024-01-21 10:05:42,773 - scraper - INFO - Created new product: Sainsbury's Earl Grey Tea Bags, Taste the Difference x50
2024-01-21 10:05:42,775 - scraper - INFO - Created new product: Sainsbury's Camomile Tea Bags x80 120g
2024-01-21 10:05:42,776 - scraper - INFO - Created new product: Twinings Superblends Immune Support Blackcurrant & Raspberry...
2024-01-21 10:05:42,778 - scraper - INFO - Created new product: Twinings English Breakfast Plant Based Tea Bags x120 300g
2024-01-21 10:05:42,780 - scraper - INFO - Created new product: Teapigs Peppermint Leaves Tea Bags x15
2024-01-21 10:05:42,783 - scraper - INFO - Created new product: Sainsbury's Red Label Loose Tea 250g
2024-01-21 10:05:42,785 - scraper - INFO - Created new product: Sainsbury's Assam Loose Tea Taste the Difference 125g
2024-01-21 10:05:42,788 - scraper - INFO - Created new product: Twinings Spiced Ginger Tea, 20 Tea Bags
2024-01-21 10:05:42,790 - scraper - INFO - Created new product: Good Earth Moroccan Mint Tea Bags x15
2024-01-21 10:05:42,792 - scraper - INFO - Created new product: Tea India Masala Chai Teabags x40
2024-01-21 10:05:42,795 - scraper - INFO - Created new product: Purina one Senior 11+ Chicken & Wholegrain 2.8kg
2024-01-21 10:05:42,797 - scraper - INFO - Created new product: Purina One Senior 7+ Dry Cat Food Chicken 2.8kg
2024-01-21 10:05:42,800 - scraper - INFO - Created new product: Felix As Good As It Looks Senior Mixed Selection in Jelly We...
2024-01-21 10:05:42,802 - scraper - INFO - Created new product: CeraVe Hydrating Foaming Oil Cleanser 236ml
2024-01-21 10:05:42,802 - scraper - INFO - Finished Sainsburys scraping process
2024-01-21 10:05:43,508 - scraper - INFO - Created new product: Pukka Organic Supreme Matcha Green 20 Green Tea Sachets
2024-01-21 10:05:43,510 - scraper - INFO - Created new product: Tetley Original 240 Tea Bags
2024-01-21 10:05:43,512 - scraper - INFO - Created new product: PG Tips 210 Original Tea Bags 609g
2024-01-21 10:05:43,514 - scraper - INFO - Created new product: Taylors of Harrogate Yorkshire Tea 80 Tea Bags
2024-01-21 10:05:43,516 - scraper - INFO - Created new product: Pukka Organic Three Mint 20 Herbal Tea Sachets
2024-01-21 10:05:43,518 - scraper - INFO - Created new product: Tetley Original 40 Tea Bags
2024-01-21 10:05:43,521 - scraper - INFO - Created new product: Pukka Organic Lemon, Ginger & Manuka Honey 20 Herbal Tea Sachets
2024-01-21 10:05:43,524 - scraper - INFO - Created new product: Pukka Organic Night Time 20 Herbal Tea Sachets
2024-01-21 10:05:43,526 - scraper - INFO - Created new product: Pukka Organic Three Ginger 20 Herbal Tea Sachet
2024-01-21 10:05:43,528 - scraper - INFO - Created new product: Pukka Organic Peppermint & Licorice 20 Herbal Tea Sachets
2024-01-21 10:05:43,530 - scraper - INFO - Created new product: Pukka Peace 20 Organic Herbal Tea Bags
2024-01-21 10:05:43,532 - scraper - INFO - Created new product: Pukka Herbal Collection 20 Assorted Herbal Tea Sachets
2024-01-21 10:05:43,534 - scraper - INFO - Created new product: Tetley Decaf 160 Tea Bags
2024-01-21 10:05:43,536 - scraper - INFO - Created new product: ASDA Everyday 80 Tea Bags
2024-01-21 10:05:43,538 - scraper - INFO - Created new product: Pukka Organic Vanilla Chai 20 Herbal Tea Sachets
2024-01-21 10:05:43,540 - scraper - INFO - Created new product: Pukka Chamomile, Vanilla & Manuka Honey 20 Organic Herbal Tea Bags
2024-01-21 10:05:43,542 - scraper - INFO - Created new product: Taylors of Harrogate Yorkshire Tea 40 Tea Bags
2024-01-21 10:05:43,544 - scraper - INFO - Created new product: Pukka Organic Turmeric Active 20 Herbal Tea Sachets
2024-01-21 10:05:43,546 - scraper - INFO - Created new product: ASDA 80 Extra Strong Tea Bags
2024-01-21 10:05:43,548 - scraper - INFO - Created new product: Typhoo One Cup Foil Fresh 100 Teabags
2024-01-21 10:05:43,549 - scraper - INFO - Created new product: Pukka Organic Feel New 20 Herbal Tea Sachets
2024-01-21 10:05:43,552 - scraper - INFO - Created new product: Pukka Three Chamomile 20 Organic Herbal Tea Bags
2024-01-21 10:05:43,554 - scraper - INFO - Created new product: Pukka Organic Elderberry & Echinacea 20 Fruit Tea Sachets
2024-01-21 10:05:43,556 - scraper - INFO - Created new product: Twinings The Earl Grey 80 Plant-Based Tea Bags
2024-01-21 10:05:43,558 - scraper - INFO - Created new product: ASDA Everyday 240 Tea Bags
2024-01-21 10:05:43,560 - scraper - INFO - Created new product: Pukka Organic Night Time Berry 20 Herbal Tea Sachets
2024-01-21 10:05:43,562 - scraper - INFO - Created new product: PG Tips 40 Original Tea Bags 116g
2024-01-21 10:05:43,564 - scraper - INFO - Created new product: ASDA Peppermint Tea 40 Bags
2024-01-21 10:05:43,566 - scraper - INFO - Created new product: Lift Instant Lemon Flavour Tea
2024-01-21 10:05:43,569 - scraper - INFO - Created new product: JUST ESSENTIALS by ASDA 40 Tea Bags
2024-01-21 10:05:43,571 - scraper - INFO - Created new product: Twinings Strong English Breakfast 80 Tea Bags
2024-01-21 10:05:43,574 - scraper - INFO - Created new product: Pukka Relax 20 Organic Herbal Tea Bags
2024-01-21 10:05:43,576 - scraper - INFO - Created new product: ASDA 80 Decaf Tea Bags
2024-01-21 10:05:43,578 - scraper - INFO - Created new product: ASDA Camomile Tea 40 Bags
2024-01-21 10:05:43,580 - scraper - INFO - Created new product: ASDA Gold Tea Bags
2024-01-21 10:05:43,582 - scraper - INFO - Created new product: PG Tips 80 Original Tea Bags 232g
2024-01-21 10:05:43,584 - scraper - INFO - Created new product: ASDA Green Tea with Lemon 20 Tea Bags
2024-01-21 10:05:43,586 - scraper - INFO - Created new product: Twinings Pure Peppermint 20 Tea Bags
2024-01-21 10:05:43,589 - scraper - INFO - Created new product: Twinings Peach & Orange Tea 20 Tea Bags
2024-01-21 10:05:43,591 - scraper - INFO - Created new product: ASDA Wild Berry 20 Tea Bags
2024-01-21 10:05:43,593 - scraper - INFO - Created new product: ASDA Green Tea 50 Tea Bags
2024-01-21 10:05:43,595 - scraper - INFO - Created new product: ASDA Mango & Strawberry 20 Tea Bags
2024-01-21 10:05:43,596 - scraper - INFO - Created new product: ASDA Lemon & Ginger 20 Tea Bags
2024-01-21 10:05:43,599 - scraper - INFO - Created new product: Twinings Pure Camomile 20 Tea Bags
2024-01-21 10:05:43,601 - scraper - INFO - Created new product: Taylors of Harrogate Yorkshire Tea Biscuit Brew 40 Tea Bags
2024-01-21 10:05:43,603 - scraper - INFO - Created new product: Twinings Lemon & Ginger 20 Tea Bags
2024-01-21 10:05:43,605 - scraper - INFO - Created new product: Taylors of Harrogate Yorkshire Tea Gold 80 Tea Bags
2024-01-21 10:05:43,607 - scraper - INFO - Created new product: ASDA Rich Tea Biscuits
2024-01-21 10:05:43,609 - scraper - INFO - Created new product: Twinings English Breakfast 80 Plant-Based Tea Bags
2024-01-21 10:05:43,611 - scraper - INFO - Created new product: ASDA Green Tea & Mint 20 Tea Bags
2024-01-21 10:05:43,611 - scraper - INFO - Finished Asda scraping process
2024-01-21 10:05:44,680 - scraper - INFO - Created new product: Clipper Organic Everyday Tea Bags 80Pack 232G
2024-01-21 10:05:44,683 - scraper - INFO - Created new product: Clipper Classic Everyday Tea Bags 80Pk 232G
2024-01-21 10:05:44,685 - scraper - INFO - Created new product: Yorkshire Tea 210 Tea Bags 656G
2024-01-21 10:05:44,687 - scraper - INFO - Created new product: Yorkshire 40 Tea Bags 125G
2024-01-21 10:05:44,689 - scraper - INFO - Created new product: Tetley 240 Tea Bags 750G
2024-01-21 10:05:44,691 - scraper - INFO - Created new product: Tetley Softpack 80 Tea Bags 250G
2024-01-21 10:05:44,694 - scraper - INFO - Created new product: Pg Tips 210 Tea Bags 609G
2024-01-21 10:05:44,696 - scraper - INFO - Created new product: PG Tips 80 Original Black Tea Bags 232g
2024-01-21 10:05:44,698 - scraper - INFO - Created new product: Yorkshire 80 Teabags 250G
2024-01-21 10:05:44,700 - scraper - INFO - Created new product: Tesco 80 Teabags 250G
2024-01-21 10:05:44,703 - scraper - INFO - Created new product: Tesco Lemon & Ginger 40 Tea Bags 80G
2024-01-21 10:05:44,705 - scraper - INFO - Created new product: Stockwell & Co 80 Tea Bags 200G
2024-01-21 10:05:44,707 - scraper - INFO - Created new product: Tesco Finest English Breakfast 100 Tea Bags 250G
2024-01-21 10:05:44,709 - scraper - INFO - Created new product: Tesco Peppermint 40 Tea Bags 60G
2024-01-21 10:05:44,711 - scraper - INFO - Created new product: Yorkshire Decaffeinated 160 Tea Bags 500G
2024-01-21 10:05:44,713 - scraper - INFO - Created new product: PG Tips 40 Original Black Tea Bags 116g
2024-01-21 10:05:44,716 - scraper - INFO - Created new product: Yorkshire Tea Malty Biscuit Brew 40 Tea Bags 112G
2024-01-21 10:05:44,718 - scraper - INFO - Created new product: Twinings 80 English Breakfast T Bags 200G
2024-01-21 10:05:44,720 - scraper - INFO - Created new product: Tesco Red Berries 40 Tea Bags 120G
2024-01-21 10:05:44,722 - scraper - INFO - Created new product: Twinings Camomile & Honey 20 Tea Bags 30G
2024-01-21 10:05:44,724 - scraper - INFO - Created new product: Pukka Organic Three Mint 20 Tea Bags 32G
2024-01-21 10:05:44,726 - scraper - INFO - Created new product: Tesco Sleep 20 Tea Bags 40g
2024-01-21 10:05:44,728 - scraper - INFO - Created new product: Tetley Original Tea Bags 600 Pack 1.875Kg
2024-01-21 10:05:44,730 - scraper - INFO - Created new product: Twinings Everyday 80 Teabags 232G
2024-01-21 10:05:44,730 - scraper - INFO - Finished Tesco scraping process
